*------------------------------------------------------------------------------*
*                                                                              *
*                                                                              *
*          _     _    __  __        _____  _      _   _  ___  ____   ____      *
*         | |   / \   \ \/ /       |  ___|| |    | | | ||_ _||  _ \ / ___|     *
*      _  | |  / _ \   \  /  _____ | |_   | |    | | | | | | | | | |\___ \     *
*     | |_| | / ___ \  /  \ |_____||  _|  | |___ | |_| | | | | |_| | ___) |    *
*      \___/ /_/   \_\/_/\_\       |_|    |_____| \___/ |___||____/ |____/     *
*                                                                              *
*                                By BB - ML@AER                                *
*                                                                              *
*------------------------------------------------------------------------------*
* JAX-FLUIDS -                                                                 *
*                                                                              *
* A fully-differentiable CFD solver for compressible two-phase flows.          *
*                                                                              *
* MIT License                                                                  *
* Copyright (C) 2022  Deniz A. Bezgin, Aaron B. Buhendwa, Nikolaus A. Adams    *
*                                                                              *
* Permission is hereby granted, free of charge, to any person obtaining a copy *
* of this software and associated documentation files (the 'Software'),        *
* to deal in the Software without restriction, including without limitation    *
* the rights to use, copy, modify, merge, publish, distribute, sublicense,     *
* and/or sell copies of the Software, and to permit persons to whom            *
* the Software is furnished to do so, subject to the following conditions:     *
*                                                                              *
* The above copyright notice and this permission notice shall be included in   *
* all copies or substantial portions of the Software.                          *
*                                                                              *
* THE SOFTWARE IS PROVIDED 'AS IS', WITHOUT WARRANTY OF ANY KIND, EXPRESS OR   *
* IMPLIED, INCLUDING BUT NOT LIMITED TO THE WARRANTIES OF MERCHANTABILITY,     *
* FITNESS FOR A PARTICULAR PURPOSE AND NONINFRINGEMENT. IN NO EVENT SHALL THE  *
* AUTHORS OR COPYRIGHT HOLDERS BE LIABLE FOR ANY CLAIM, DAMAGES OR OTHER       *
* LIABILITY, WHETHER IN AN ACTION OF CONTRACT, TORT OR OTHERWISE,              *
* ARISING FROM, OUT OF OR IN CONNECTION WITH THE SOFTWARE OR THE USE           *
* OR OTHER DEALINGS IN THE SOFTWARE.                                           *
*                                                                              *
*------------------------------------------------------------------------------*
*                                                                              *
* CONTACT                                                                      *
*                                                                              *
* deniz.bezgin@tum.de // aaron.buhendwa@tum.de // nikolaus.adams@tum.de        *
*                                                                              *
*------------------------------------------------------------------------------*
*                                                                              *
* Munich, April 15th, 2022                                                     *
*                                                                              *
*------------------------------------------------------------------------------*
*                                                                              *
*                                                                              *
*                               NUMERICAL SETUP                                *
*                                                                              *
*    CONSERVATIVES                                                             *
*      HALO CELLS          :    5                                              *
*      TIME INTEGRATION                                                        *
*        INTEGRATOR  :    RK3                                                  *
*        CFL         :    0.5                                                  *
*      CONVECTIVE FLUXES                                                       *
*        CONVECTIVE SOLVER   :    GODUNOV                                      *
*        GODUNOV                                                               *
*          RIEMANN_SOLVER          :    HLLC                                   *
*          SIGNAL_SPEED            :    EINFELDT                               *
*          RECONSTRUCTION_STENCIL  :    WENO5-Z                                *
*          RECONSTRUCTION_VARIABLE :    CHAR-PRIMITIVE                         *
*      DISSIPATIVE FLUXES                                                      *
*        RECONSTRUCTION STENCIL      :    CENTRAL4                             *
*        DERIVATIVE STENCIL CENTER   :    CENTRAL4                             *
*        DERIVATIVE STENCIL FACE     :    CENTRAL4                             *
*                                                                              *
*    ACTIVE PHYSICS                                                            *
*      IS CONVECTIVE FLUX  :    True                                           *
*      IS VISCOUS FLUX     :    True                                           *
*      IS HEAT FLUX        :    True                                           *
*      IS VOLUME FORCE     :    False                                          *
*      IS SURFACE TENSION  :    False                                          *
*      IS LEVELSET         :    True                                           *
*                                                                              *
*    LEVELSET                                                                  *
*      NARROWBAND COMPUTATION                                                  *
*        IS NARROWBAND   :    True                                             *
*        NARROWBAND SIZE :    10                                               *
*      REINITIALIZATION                                                        *
*        IS REINITIALIZATION         :    True                                 *
*        REINITIALIZATION INTERVAL   :    2                                    *
*        REINITIALIZATION STEPS      :    10                                   *
*      INTERFACE INTERACTION                                                   *
*        LEVELSET MODEL              :    FLUID-SOLID-STATIC                   *
*        SURFACE TENSION COEFFICIENT :    0.0                                  *
*                                                                              *
*    PRECISION                                                                 *
*      IS DOUBLE PRECISION COMPUTE :    True                                   *
*      IS DOUBLE PRECISION OUTPUT  :    True                                   *
*                                                                              *
*    OUTPUT                                                                    *
*      IS XDMF             :    False                                          *
*      DERIVATIVE STENCIL  :    CENTRAL4                                       *
*                                                                              *
*                                                                              *
*------------------------------------------------------------------------------*
*                                                                              *
*                                  CASE SETUP                                  *
*                                                                              *
*    GENERAL                                                                   *
*      CASE NAME   :    rocket_nozzle_internal_supersonic_flow                 *
*      END TIME    :    0.0001                                                 *
*      SAVE PATH   :    ./output/                                              *
*      SAVE DT     :    1e-05                                                  *
*                                                                              *
*    RESTART                                                                   *
*      FLAG        :    False                                                  *
*      FILE PATH   :                                                           *
*                                                                              *
*    DOMAIN                                                                    *
*      X                                                                       *
*        CELLS   :    128                                                      *
*        RANGE   :    [-200.0, 1800.0]                                         *
*      Y                                                                       *
*        CELLS   :    64                                                       *
*        RANGE   :    [-800.0, 800.0]                                          *
*      Z                                                                       *
*        CELLS   :    64                                                       *
*        RANGE   :    [-800.0, 800.0]                                          *
*      DECOMPOSITION                                                           *
*        SPLIT X :    1                                                        *
*        SPLIT Y :    1                                                        *
*        SPLIT Z :    1                                                        *
*                                                                              *
*    BOUNDARY CONDITIONS                                                       *
*      EAST                                                                    *
*        TYPE    :    SYMMETRY                                                 *
*      WEST                                                                    *
*        TYPE    :    SYMMETRY                                                 *
*      NORTH                                                                   *
*        TYPE    :    SYMMETRY                                                 *
*      SOUTH                                                                   *
*        TYPE    :    SYMMETRY                                                 *
*      TOP                                                                     *
*        TYPE    :    SYMMETRY                                                 *
*      BOTTOM                                                                  *
*        TYPE    :    SYMMETRY                                                 *
*                                                                              *
*    INITIAL CONDITION                                                         *
*      PRIMITIVES                                                              *
*        RHO :    1.0                                                          *
*        U   :    10.0                                                         *
*        V   :    0.0                                                          *
*        W   :    0.0                                                          *
*        P   :    1000000.0                                                    *
*      LEVELSET    :    complete_rocket_levelset.npy                           *
*                                                                              *
*    LEVELSET                                                                  *
*      MODEL               :    FLUID-SOLID-STATIC                             *
*      BOUNDARY CONDITIONS                                                     *
*        WALL                                                                  *
*          TYPE                    :    WALL                                   *
*          WALL TEMPERATURE TYPE   :    ADIABATIC                              *
*        INLET                                                                 *
*          TYPE        :    DIRICHLET                                          *
*          PRIMITIVES                                                          *
*            RHO :    6.85                                                     *
*            U   :    50.0                                                     *
*            V   :    0.0                                                      *
*            W   :    0.0                                                      *
*            P   :    6900000.0                                                *
*            T   :    3580.0                                                   *
*        OUTLET                                                                *
*          TYPE        :    NEUMANN                                            *
*          PRIMITIVES                                                          *
*            P   :    101325.0                                                 *
*      REGION TAGS         :    boundary_condition_tags.npy                    *
*                                                                              *
*    MATERIAL PROPERTIES                                                       *
*      EQUATION OF STATE                                                       *
*        MODEL                   :    IdealGas                                 *
*        SPECIFIC HEAT RATIO     :    1.4                                      *
*        SPECIFIC GAS CONSTANT   :    287.0                                    *
*      TRANSPORT                                                               *
*        DYNAMIC VISCOSITY                                                     *
*          MODEL   :    CUSTOM                                                 *
*          VALUE   :    1.8e-05                                                *
*        BULK VISCOSITY          :    0.0                                      *
*        THERMAL CONDUCTIVITY                                                  *
*          MODEL           :    PRANDTL                                        *
*          PRANDTL NUMBER  :    0.72                                           *
*                                                                              *
*    NONDIMENSIONALIZATION PARAMETERS                                          *
*      DENSITY REFERENCE       :    1.0                                        *
*      LENGTH REFERENCE        :    1.0                                        *
*      VELOCITY REFERENCE      :    50.0                                       *
*      TEMPERATURE REFERENCE   :    3580.0                                     *
*                                                                              *
*    OUTPUT                                                                    *
*      PRIMITIVES      :    ['density', 'velocity', 'pressure', 'temperature'] *
*      LEVELSET        :    ['levelset', 'volume_fraction']                    *
*      MISCELLANEOUS   :    ['mach_number']                                    *
*                                                                              *
*                                                                              *
*------------------------------------------------------------------------------*
*                                                                              *
*                               MESH INFORMATION                               *
*                                                                              *
*    TOTRAL RESOLUTION       :    128 x 64 x 64                                *
*    TOTAL NUMBER OF CELLS   :    0.524 M                                      *
*    DEVICE RESOLUTION       :    128 x 64 x 64                                *
*    DEVICE NUMBER OF CELLS  :    0.524 M                                      *
*    DX_MIN, DY_MIN, DZ_MIN  :    [15.625, 25.0, 25.0]                         *
*    MAX EDGE LENGTH RATIOS  :    [1.0, 1.0, 1.0]                              *
*    MAX ASPECT RATIO        :    1.600                                        *
*                                                                              *
*------------------------------------------------------------------------------*
*                                                                              *
*                                                                              *
*          _     _    __  __        _____  _      _   _  ___  ____   ____      *
*         | |   / \   \ \/ /       |  ___|| |    | | | ||_ _||  _ \ / ___|     *
*      _  | |  / _ \   \  /  _____ | |_   | |    | | | | | | | | | |\___ \     *
*     | |_| | / ___ \  /  \ |_____||  _|  | |___ | |_| | | | | |_| | ___) |    *
*      \___/ /_/   \_\/_/\_\       |_|    |_____| \___/ |___||____/ |____/     *
*                                                                              *
*                                                                              *
*------------------------------------------------------------------------------*
*                                                                              *
*                            PYTHON Version: 3.13.3                            *
*                              JAX Version: 0.6.2                              *
*                            JAXLIB Version: 0.6.2                             *
*                          JAX-Fluids Version: 0.2.0                           *
*                               GIT Commit: None                               *
*                       DATE & TIME: 2025-07-28 01:44:04                       *
*                              PROCESS ID: 16572                               *
*                               JAX BACKEND: cpu                               *
*                                                                              *
*------------------------------------------------------------------------------*
*                                                                              *
*    TIME CONTROL                                                              *
*    CURRENT TIME                       = 0.00000e+00                          *
*    CURRENT DT                         = 2.19474e-03                          *
*    CURRENT STEP                       =      0                               *
*                                                                              *
*                                                                              *
*    POSITIVITY STATE                                                          *
*    MIN DENSITY                        = 1.0000e+00                           *
*    MIN PRESSURE                       = 4.0000e+02                           *
*                                                                              *
*------------------------------------------------------------------------------*
